<?xml version="1.0" encoding="UTF-8"?>
<!-- Generated by org.testng.reporters.JUnitXMLReporter -->
<testsuite ignored="0" hostname="LAPTOP-IK8VGAHU" failures="0" tests="5" name="Default test" time="35.909" errors="0" timestamp="2022-10-20T15:59:37 IST">
  <testcase classname="Demo.prioritization" name="OpenBrowser" time="2.035"/>
  <testcase classname="Demo.prioritization" name="a" time="0.0"/>
  <testcase classname="Demo.prioritization" name="b" time="0.004"/>
  <testcase classname="Demo.prioritization" name="c" time="0.0"/>
  <testcase classname="Demo.prioritization" name="CloseBrowser" time="3.138"/>
</testsuite> <!-- Default test -->
