<?xml version="1.0" encoding="UTF-8"?>
<!-- Generated by org.testng.reporters.JUnitXMLReporter -->
<testsuite ignored="1" hostname="LAPTOP-IK8VGAHU" failures="0" tests="2" name="Default test" time="7.854" errors="0" timestamp="2022-10-31T15:35:48 IST">
  <testcase classname="Demo.disablingTestCasePageTest" name="m1" time="0.006"/>
  <testcase classname="Demo.disablingTestCasePageTest" name="m3" time="0.001"/>
  <testcase classname="Demo.disablingTestCasePageTest" name="m2" time="0.0">
    <ignored/>
  </testcase> <!-- m2 -->
</testsuite> <!-- Default test -->
