<?xml version="1.0" encoding="UTF-8"?>
<!-- Generated by org.testng.reporters.JUnitXMLReporter -->
<testsuite ignored="0" hostname="LAPTOP-IK8VGAHU" failures="1" tests="2" name="Test" time="12.005" errors="0" timestamp="2022-11-01T12:21:09 IST">
  <testcase classname="Demo.timeTestPageTest" name="m1" time="0.517">
    <failure type="org.testng.internal.thread.ThreadTimeoutException" message="Method Demo.timeTestPageTest.m1() didn&amp;apos;t finish within the time-out 500">
      <![CDATA[org.testng.internal.thread.ThreadTimeoutException: Method Demo.timeTestPageTest.m1() didn't finish within the time-out 500
at java.base/java.util.ArrayList.forEach(ArrayList.java:1511)
... Removed 24 stack frames]]>
    </failure>
  </testcase> <!-- m1 -->
  <testcase classname="Demo.timeTestPageTest" name="m2" time="0.405"/>
</testsuite> <!-- Test -->
