<?xml version="1.0" encoding="UTF-8"?>
<testng-results ignored="0" total="1" passed="1" failed="0" skipped="0">
  <reporter-output>
  </reporter-output>
  <suite started-at="2022-11-16T13:51:18 IST" name="Default suite" finished-at="2022-11-16T13:51:34 IST" duration-ms="15821">
    <groups>
    </groups>
    <test started-at="2022-11-16T13:51:18 IST" name="Default test" finished-at="2022-11-16T13:51:34 IST" duration-ms="15821">
      <class name="apachePOIDemoTestPage.ApachePOITest">
        <test-method is-config="true" signature="setUp()[pri:0, instance:apachePOIDemoTestPage.ApachePOITest@3e11f9e9]" started-at="2022-11-16T13:51:18 IST" name="setUp" finished-at="2022-11-16T13:51:30 IST" duration-ms="12375" status="PASS">
          <reporter-output>
          </reporter-output>
        </test-method> <!-- setUp -->
        <test-method signature="printAddress()[pri:0, instance:apachePOIDemoTestPage.ApachePOITest@3e11f9e9]" started-at="2022-11-16T13:51:30 IST" name="printAddress" finished-at="2022-11-16T13:51:30 IST" duration-ms="8" status="PASS">
          <reporter-output>
          </reporter-output>
        </test-method> <!-- printAddress -->
        <test-method is-config="true" signature="tearDown()[pri:0, instance:apachePOIDemoTestPage.ApachePOITest@3e11f9e9]" started-at="2022-11-16T13:51:30 IST" name="tearDown" finished-at="2022-11-16T13:51:34 IST" duration-ms="3367" status="PASS">
          <reporter-output>
          </reporter-output>
        </test-method> <!-- tearDown -->
      </class> <!-- apachePOIDemoTestPage.ApachePOITest -->
    </test> <!-- Default test -->
  </suite> <!-- Default suite -->
</testng-results>
