<?xml version="1.0" encoding="UTF-8"?>
<testng-results ignored="0" total="3" passed="3" failed="0" skipped="0">
  <reporter-output>
  </reporter-output>
  <suite started-at="2022-10-29T14:58:32 IST" name="Default suite" finished-at="2022-10-29T14:58:48 IST" duration-ms="16448">
    <groups>
      <group name="transactionsPage">
        <method signature="groupingPageTest.dependOnGroupTest1()[pri:0, instance:Demo.groupingPageTest@57cf54e1]" name="dependOnGroupTest1" class="Demo.groupingPageTest"/>
        <method signature="groupingPageTest.transactionsPageTest()[pri:0, instance:Demo.groupingPageTest@57cf54e1]" name="transactionsPageTest" class="Demo.groupingPageTest"/>
      </group> <!-- transactionsPage -->
      <group name="homePage">
        <method signature="groupingPageTest.dependOnGroupTest1()[pri:0, instance:Demo.groupingPageTest@57cf54e1]" name="dependOnGroupTest1" class="Demo.groupingPageTest"/>
        <method signature="groupingPageTest.homePageTest()[pri:0, instance:Demo.groupingPageTest@57cf54e1]" name="homePageTest" class="Demo.groupingPageTest"/>
      </group> <!-- homePage -->
    </groups>
    <test started-at="2022-10-29T14:58:32 IST" name="Default test" finished-at="2022-10-29T14:58:48 IST" duration-ms="16448">
      <class name="Demo.groupingPageTest">
        <test-method is-config="true" signature="launchingBrowser()[pri:0, instance:Demo.groupingPageTest@57cf54e1]" started-at="2022-10-29T14:58:32 IST" name="launchingBrowser" finished-at="2022-10-29T14:58:40 IST" duration-ms="7583" status="PASS">
          <reporter-output>
          </reporter-output>
        </test-method> <!-- launchingBrowser -->
        <test-method signature="dependOnGroupTest1()[pri:0, instance:Demo.groupingPageTest@57cf54e1]" started-at="2022-10-29T14:58:40 IST" name="dependOnGroupTest1" finished-at="2022-10-29T14:58:40 IST" duration-ms="8" status="PASS">
          <reporter-output>
          </reporter-output>
        </test-method> <!-- dependOnGroupTest1 -->
        <test-method is-config="true" signature="tearDown()[pri:0, instance:Demo.groupingPageTest@57cf54e1]" started-at="2022-10-29T14:58:40 IST" name="tearDown" finished-at="2022-10-29T14:58:40 IST" duration-ms="332" status="PASS">
          <reporter-output>
          </reporter-output>
        </test-method> <!-- tearDown -->
        <test-method is-config="true" signature="launchingBrowser()[pri:0, instance:Demo.groupingPageTest@57cf54e1]" started-at="2022-10-29T14:58:40 IST" name="launchingBrowser" finished-at="2022-10-29T14:58:44 IST" duration-ms="3908" status="PASS">
          <reporter-output>
          </reporter-output>
        </test-method> <!-- launchingBrowser -->
        <test-method signature="homePageTest()[pri:0, instance:Demo.groupingPageTest@57cf54e1]" started-at="2022-10-29T14:58:44 IST" name="homePageTest" finished-at="2022-10-29T14:58:44 IST" duration-ms="2" status="PASS">
          <reporter-output>
          </reporter-output>
        </test-method> <!-- homePageTest -->
        <test-method is-config="true" signature="tearDown()[pri:0, instance:Demo.groupingPageTest@57cf54e1]" started-at="2022-10-29T14:58:44 IST" name="tearDown" finished-at="2022-10-29T14:58:44 IST" duration-ms="295" status="PASS">
          <reporter-output>
          </reporter-output>
        </test-method> <!-- tearDown -->
        <test-method is-config="true" signature="launchingBrowser()[pri:0, instance:Demo.groupingPageTest@57cf54e1]" started-at="2022-10-29T14:58:44 IST" name="launchingBrowser" finished-at="2022-10-29T14:58:48 IST" duration-ms="3969" status="PASS">
          <reporter-output>
          </reporter-output>
        </test-method> <!-- launchingBrowser -->
        <test-method signature="transactionsPageTest()[pri:0, instance:Demo.groupingPageTest@57cf54e1]" started-at="2022-10-29T14:58:48 IST" name="transactionsPageTest" finished-at="2022-10-29T14:58:48 IST" duration-ms="8" status="PASS">
          <reporter-output>
          </reporter-output>
        </test-method> <!-- transactionsPageTest -->
        <test-method is-config="true" signature="tearDown()[pri:0, instance:Demo.groupingPageTest@57cf54e1]" started-at="2022-10-29T14:58:48 IST" name="tearDown" finished-at="2022-10-29T14:58:48 IST" duration-ms="277" status="PASS">
          <reporter-output>
          </reporter-output>
        </test-method> <!-- tearDown -->
      </class> <!-- Demo.groupingPageTest -->
    </test> <!-- Default test -->
  </suite> <!-- Default suite -->
</testng-results>
